This is XeTeX, Version 3.14159265-2.6-0.99998 (TeX Live 2017) (preloaded format=xelatex 2018.3.27)  28 APR 2020 22:49
entering extended mode
 restricted \write18 enabled.
 file:line:error style messages enabled.
 %&-line parsing enabled.
**Utro.tex
(./Utro.tex
LaTeX2e <2017-04-15>
Babel <3.10> and hyphenation patterns for 23 language(s) loaded.
(/usr/local/texlive/2017basic/texmf-dist/tex/latex/koma-script/scrbook.cls
Document Class: scrbook 2017/04/13 v3.23 KOMA-Script document class (book)
(/usr/local/texlive/2017basic/texmf-dist/tex/latex/koma-script/scrkbase.sty
Package: scrkbase 2017/04/13 v3.23 KOMA-Script package (KOMA-Script-dependent basics and keyval usage)
 (/usr/local/texlive/2017basic/texmf-dist/tex/latex/koma-script/scrbase.sty
Package: scrbase 2017/04/13 v3.23 KOMA-Script package (KOMA-Script-independent basics and keyval usage)
 (/usr/local/texlive/2017basic/texmf-dist/tex/latex/graphics/keyval.sty
Package: keyval 2014/10/28 v1.15 key=value parser (DPC)
\KV@toks@=\toks14
) (/usr/local/texlive/2017basic/texmf-dist/tex/latex/koma-script/scrlfile.sty
Package: scrlfile 2017/04/13 v3.23 KOMA-Script package (loading files)

Package scrlfile, 2017/04/13 v3.23 KOMA-Script package (loading files)
                  Copyright (C) Markus Kohm

))) (/usr/local/texlive/2017basic/texmf-dist/tex/latex/koma-script/tocbasic.sty
Package: tocbasic 2017/04/13 v3.23 KOMA-Script package (handling toc-files)
\scr@dte@tocline@numberwidth=\skip41
\scr@dte@tocline@numbox=\box26
)
Package tocbasic Info: omitting babel extension for `toc'
(tocbasic)             because of feature `nobabel' available
(tocbasic)             for `toc' on input line 133.
Package tocbasic Info: omitting babel extension for `lof'
(tocbasic)             because of feature `nobabel' available
(tocbasic)             for `lof' on input line 135.
Package tocbasic Info: omitting babel extension for `lot'
(tocbasic)             because of feature `nobabel' available
(tocbasic)             for `lot' on input line 136.
Package tocbasic Info: defining new hook before heading of `' on input line 1608.
Class scrbook Info: File `scrsize11pt.clo' used to setup font sizes on input line 2275.
 (/usr/local/texlive/2017basic/texmf-dist/tex/latex/koma-script/scrsize11pt.clo
File: scrsize11pt.clo 2017/04/13 v3.23 KOMA-Script font size class option (11pt)
) (/usr/local/texlive/2017basic/texmf-dist/tex/latex/koma-script/typearea.sty
Package: typearea 2017/04/13 v3.23 KOMA-Script package (type area)
\ta@bcor=\skip42
\ta@div=\count79
Package typearea Info: You've used standard option `a5paper'.
(typearea)             This is correct!
(typearea)             Internally I'm using `paper=a5'.
(typearea)             If you'd like to set the option with \KOMAoptions,
(typearea)             you'd have to use `paper=a5' there
(typearea)             instead of `a5paper', too.
\ta@hblk=\skip43
\ta@vblk=\skip44
\ta@temp=\skip45
\footheight=\skip46


Package typearea Warning: Maybe no optimal type area settings!
(typearea)                The maximum limit of line width is about 18%
(typearea)                larger than the heuristically detected line width.
(typearea)                You may e.g. increase DIV, decrease fontsize
(typearea)                or change the papersize.

Package typearea Info: These are the values describing the layout:
(typearea)             DIV  = 10
(typearea)             BCOR = 0.0pt
(typearea)             \paperwidth      = 421.10083pt
(typearea)              \textwidth      = 294.7706pt
(typearea)              DIV departure   = 18%
(typearea)              \evensidemargin = 11.95016pt
(typearea)              \oddsidemargin  = -30.15991pt
(typearea)             \paperheight     = 597.50793pt
(typearea)              \textheight     = 419.00018pt
(typearea)              \topmargin      = -49.9192pt
(typearea)              \headheight     = 17.0pt
(typearea)              \headsep        = 20.40001pt
(typearea)              \topskip        = 11.0pt
(typearea)              \footskip       = 47.6pt
(typearea)              \baselineskip   = 13.6pt
(typearea)              on input line 1647.
)
\c@part=\count80
\c@chapter=\count81
\c@section=\count82
\c@subsection=\count83
\c@subsubsection=\count84
\c@paragraph=\count85
\c@subparagraph=\count86
\scr@dte@part@maxnumwidth=\skip47
\scr@dte@chapter@maxnumwidth=\skip48
\scr@dte@section@maxnumwidth=\skip49
\scr@dte@subsection@maxnumwidth=\skip50
\scr@dte@subsubsection@maxnumwidth=\skip51
\scr@dte@paragraph@maxnumwidth=\skip52
\scr@dte@subparagraph@maxnumwidth=\skip53
LaTeX Info: Redefining \textsubscript on input line 4843.
\abovecaptionskip=\skip54
\belowcaptionskip=\skip55
\c@pti@nb@sid@b@x=\box27
\c@figure=\count87
\c@table=\count88
Class scrbook Info: Redefining `\numberline' on input line 6000.
\bibindent=\dimen102
) (/usr/local/texlive/2017basic/texmf-dist/tex/generic/ifxetex/ifxetex.sty
Package: ifxetex 2010/09/12 v0.6 Provides ifxetex conditional
) (/usr/local/texlive/2017basic/texmf-dist/tex/generic/oberdiek/ifluatex.sty
Package: ifluatex 2016/05/16 v1.4 Provides the ifluatex switch (HO)
Package ifluatex Info: LuaTeX not detected.
) (/usr/local/texlive/2017basic/texmf-dist/tex/xelatex/mathspec/mathspec.sty
Package: mathspec 2016/12/22 v0.2b LaTeX Package (Mathematics font selection for XeLaTeX)
 (/usr/local/texlive/2017basic/texmf-dist/tex/latex/etoolbox/etoolbox.sty
Package: etoolbox 2017/01/02 v2.4 e-TeX tools for LaTeX (JAW)
\etb@tempcnta=\count89
) (/usr/local/texlive/2017basic/texmf-dist/tex/latex/amsmath/amstext.sty
Package: amstext 2000/06/29 v2.01 AMS text
 (/usr/local/texlive/2017basic/texmf-dist/tex/latex/amsmath/amsgen.sty
File: amsgen.sty 1999/11/30 v2.0 generic functions
\@emptytoks=\toks15
\ex@=\dimen103
)) (/usr/local/texlive/2017basic/texmf-dist/tex/latex/fontspec/fontspec.sty (/usr/local/texlive/2017basic/texmf-dist/tex/latex/l3kernel/expl3.sty
Package: expl3 2017/05/13 L3 programming layer (loader) 
 (/usr/local/texlive/2017basic/texmf-dist/tex/latex/l3kernel/expl3-code.tex
Package: expl3 2017/05/13 L3 programming layer (code)
\c_max_int=\count90
\l_tmpa_int=\count91
\l_tmpb_int=\count92
\g_tmpa_int=\count93
\g_tmpb_int=\count94
\g__prg_map_int=\count95
\c_log_iow=\count96
\l_iow_line_count_int=\count97
\l__iow_line_target_int=\count98
\l__iow_one_indent_int=\count99
\l__iow_indent_int=\count100
\c_zero_dim=\dimen104
\c_max_dim=\dimen105
\l_tmpa_dim=\dimen106
\l_tmpb_dim=\dimen107
\g_tmpa_dim=\dimen108
\g_tmpb_dim=\dimen109
\c_zero_skip=\skip56
\c_max_skip=\skip57
\l_tmpa_skip=\skip58
\l_tmpb_skip=\skip59
\g_tmpa_skip=\skip60
\g_tmpb_skip=\skip61
\c_zero_muskip=\muskip10
\c_max_muskip=\muskip11
\l_tmpa_muskip=\muskip12
\l_tmpb_muskip=\muskip13
\g_tmpa_muskip=\muskip14
\g_tmpb_muskip=\muskip15
\l_keys_choice_int=\count101
\c__fp_leading_shift_int=\count102
\c__fp_middle_shift_int=\count103
\c__fp_trailing_shift_int=\count104
\c__fp_big_leading_shift_int=\count105
\c__fp_big_middle_shift_int=\count106
\c__fp_big_trailing_shift_int=\count107
\c__fp_Bigg_leading_shift_int=\count108
\c__fp_Bigg_middle_shift_int=\count109
\c__fp_Bigg_trailing_shift_int=\count110
\l__sort_length_int=\count111
\l__sort_min_int=\count112
\l__sort_top_int=\count113
\l__sort_max_int=\count114
\l__sort_true_max_int=\count115
\l__sort_block_int=\count116
\l__sort_begin_int=\count117
\l__sort_end_int=\count118
\l__sort_A_int=\count119
\l__sort_B_int=\count120
\l__sort_C_int=\count121
\c_empty_box=\box28
\l_tmpa_box=\box29
\l_tmpb_box=\box30
\g_tmpa_box=\box31
\g_tmpb_box=\box32
\l__box_top_dim=\dimen110
\l__box_bottom_dim=\dimen111
\l__box_left_dim=\dimen112
\l__box_right_dim=\dimen113
\l__box_top_new_dim=\dimen114
\l__box_bottom_new_dim=\dimen115
\l__box_left_new_dim=\dimen116
\l__box_right_new_dim=\dimen117
\l__box_internal_box=\box33
\l__coffin_internal_box=\box34
\l__coffin_internal_dim=\dimen118
\l__coffin_offset_x_dim=\dimen119
\l__coffin_offset_y_dim=\dimen120
\l__coffin_x_dim=\dimen121
\l__coffin_y_dim=\dimen122
\l__coffin_x_prime_dim=\dimen123
\l__coffin_y_prime_dim=\dimen124
\c_empty_coffin=\box35
\l__coffin_aligned_coffin=\box36
\l__coffin_aligned_internal_coffin=\box37
\l_tmpa_coffin=\box38
\l_tmpb_coffin=\box39
\l__coffin_display_coffin=\box40
\l__coffin_display_coord_coffin=\box41
\l__coffin_display_pole_coffin=\box42
\l__coffin_display_offset_dim=\dimen125
\l__coffin_display_x_dim=\dimen126
\l__coffin_display_y_dim=\dimen127
\l__coffin_bounding_shift_dim=\dimen128
\l__coffin_left_corner_dim=\dimen129
\l__coffin_right_corner_dim=\dimen130
\l__coffin_bottom_corner_dim=\dimen131
\l__coffin_top_corner_dim=\dimen132
\l__coffin_scaled_total_height_dim=\dimen133
\l__coffin_scaled_width_dim=\dimen134
) (/usr/local/texlive/2017basic/texmf-dist/tex/latex/l3kernel/l3xdvipdfmx.def
File: l3xdvidpfmx.def 2017/03/18 v L3 Experimental driver: xdvipdfmx
\l__driver_tmp_box=\box43
)) (/usr/local/texlive/2017basic/texmf-dist/tex/latex/l3packages/xparse/xparse.sty
Package: xparse 2017/05/13 L3 Experimental document command parser
\l__xparse_current_arg_int=\count122
\g__xparse_grabber_int=\count123
\l__xparse_m_args_int=\count124
\l__xparse_mandatory_args_int=\count125
\l__xparse_v_nesting_int=\count126
)
Package: fontspec 2017/03/31 v2.6a Font selection for XeLaTeX and LuaLaTeX
 (/usr/local/texlive/2017basic/texmf-dist/tex/latex/fontspec/fontspec-xetex.sty
Package: fontspec-xetex 2017/03/31 v2.6a Font selection for XeLaTeX and LuaLaTeX
\l__fontspec_script_int=\count127
\l__fontspec_language_int=\count128
\l__fontspec_strnum_int=\count129
\l__fontspec_tmp_int=\count130
\l__fontspec_em_int=\count131
\l__fontspec_emdef_int=\count132
\l__fontspec_strong_int=\count133
\l__fontspec_strongdef_int=\count134
\l__fontspec_tmpa_dim=\dimen135
\l__fontspec_tmpb_dim=\dimen136
\l__fontspec_tmpc_dim=\dimen137
\g__file_internal_ior=\read1
 (/usr/local/texlive/2017basic/texmf-dist/tex/latex/base/fontenc.sty
Package: fontenc 2017/04/05 v2.0i Standard LaTeX package
 (/usr/local/texlive/2017basic/texmf-dist/tex/latex/base/tuenc.def
File: tuenc.def 2017/04/05 v2.0i Standard LaTeX file
LaTeX Font Info:    Redeclaring font encoding TU on input line 82.
))
.................................................
. LaTeX info: "xparse/define-command"
. 
. Defining command \fontspec with sig. 'O{}mO{}' on line 472.
.................................................
.................................................
. LaTeX info: "xparse/define-command"
. 
. Defining command \setmainfont with sig. 'O{}mO{}' on line 483.
.................................................
.................................................
. LaTeX info: "xparse/define-command"
. 
. Defining command \setsansfont with sig. 'O{}mO{}' on line 503.
.................................................
.................................................
. LaTeX info: "xparse/define-command"
. 
. Defining command \setmonofont with sig. 'O{}mO{}' on line 523.
.................................................
.................................................
. LaTeX info: "xparse/define-command"
. 
. Defining command \setromanfont with sig. 'O{}mO{}' on line 543.
.................................................
.................................................
. LaTeX info: "xparse/define-command"
. 
. Defining command \setmathrm with sig. 'O{}mO{}' on line 547.
.................................................
.................................................
. LaTeX info: "xparse/define-command"
. 
. Defining command \setboldmathrm with sig. 'O{}mO{}' on line 555.
.................................................
.................................................
. LaTeX info: "xparse/define-command"
. 
. Defining command \setmathsf with sig. 'O{}mO{}' on line 563.
.................................................
.................................................
. LaTeX info: "xparse/define-command"
. 
. Defining command \setmathtt with sig. 'O{}mO{}' on line 571.
.................................................
.................................................
. LaTeX info: "xparse/define-command"
. 
. Defining command \newfontfamily with sig. 'mO{}mO{}' on line 586.
.................................................
.................................................
. LaTeX info: "xparse/define-command"
. 
. Defining command \newfontface with sig. 'mO{}mO{}' on line 603.
.................................................
.................................................
. LaTeX info: "xparse/define-command"
. 
. Defining command \defaultfontfeatures with sig. 't+om' on line 614.
.................................................
.................................................
. LaTeX info: "xparse/define-command"
. 
. Defining command \addfontfeatures with sig. 'm' on line 645.
.................................................
.................................................
. LaTeX info: "xparse/define-command"
. 
. Defining command \newfontfeature with sig. 'mm' on line 672.
.................................................
.................................................
. LaTeX info: "xparse/define-command"
. 
. Defining command \newAATfeature with sig. 'mmmm' on line 686.
.................................................
.................................................
. LaTeX info: "xparse/define-command"
. 
. Defining command \newopentypefeature with sig. 'mmm' on line 700.
.................................................
.................................................
. LaTeX info: "xparse/define-command"
. 
. Defining command \newICUfeature with sig. 'mmm' on line 720.
.................................................
.................................................
. LaTeX info: "xparse/define-command"
. 
. Defining command \aliasfontfeature with sig. 'mm' on line 724.
.................................................
.................................................
. LaTeX info: "xparse/define-command"
. 
. Defining command \aliasfontfeatureoption with sig. 'mmm' on line 745.
.................................................
.................................................
. LaTeX info: "xparse/define-command"
. 
. Defining command \newfontscript with sig. 'mm' on line 778.
.................................................
.................................................
. LaTeX info: "xparse/define-command"
. 
. Defining command \newfontlanguage with sig. 'mm' on line 782.
.................................................
.................................................
. LaTeX info: "xparse/define-command"
. 
. Defining command \DeclareFontsExtensions with sig. 'm' on line 786.
.................................................
.................................................
. LaTeX info: "xparse/define-command"
. 
. Defining command \IfFontFeatureActiveTF with sig. 'mmm' on line 797.
.................................................
.................................................
. LaTeX info: "xparse/define-command"
. 
. Defining command \EncodingCommand with sig. 'mO{}m' on line 3438.
.................................................
.................................................
. LaTeX info: "xparse/define-command"
. 
. Defining command \EncodingAccent with sig. 'mm' on line 3444.
.................................................
.................................................
. LaTeX info: "xparse/define-command"
. 
. Defining command \EncodingSymbol with sig. 'mm' on line 3450.
.................................................
.................................................
. LaTeX info: "xparse/define-command"
. 
. Defining command \EncodingComposite with sig. 'mmm' on line 3456.
.................................................
.................................................
. LaTeX info: "xparse/define-command"
. 
. Defining command \EncodingCompositeCommand with sig. 'mmm' on line 3462.
.................................................
.................................................
. LaTeX info: "xparse/define-command"
. 
. Defining command \DeclareUnicodeEncoding with sig. 'mm' on line 3487.
.................................................
.................................................
. LaTeX info: "xparse/define-command"
. 
. Defining command \UndeclareSymbol with sig. 'm' on line 3493.
.................................................
.................................................
. LaTeX info: "xparse/define-command"
. 
. Defining command \UndeclareComposite with sig. 'mm' on line 3501.
.................................................
 (/usr/local/texlive/2017basic/texmf-dist/tex/latex/fontspec/fontspec.cfg)
LaTeX Info: Redefining \itshape on input line 3686.
LaTeX Info: Redefining \slshape on input line 3691.
LaTeX Info: Redefining \scshape on input line 3696.
LaTeX Info: Redefining \upshape on input line 3701.
LaTeX Info: Redefining \em on input line 3731.
LaTeX Info: Redefining \emph on input line 3756.
LaTeX Info: Redefining \- on input line 3807.
.................................................
. LaTeX info: "xparse/redefine-command"
. 
. Redefining command \oldstylenums with sig. 'm' on line 3902.
.................................................
.................................................
. LaTeX info: "xparse/define-command"
. 
. Defining command \liningnums with sig. 'm' on line 3906.
.................................................
)) (/usr/local/texlive/2017basic/texmf-dist/tex/latex/xkeyval/xkeyval.sty
Package: xkeyval 2014/12/03 v2.7a package option processing (HA)
 (/usr/local/texlive/2017basic/texmf-dist/tex/generic/xkeyval/xkeyval.tex (/usr/local/texlive/2017basic/texmf-dist/tex/generic/xkeyval/xkvutils.tex
\XKV@toks=\toks16
\XKV@tempa@toks=\toks17
)
\XKV@depth=\count135
File: xkeyval.tex 2014/12/03 v2.7a key=value parser (HA)
))
\c@eu@=\count136
\c@eu@i=\count137
\c@mkern=\count138
) (/usr/local/texlive/2017basic/texmf-dist/tex/latex/hyperref/hyperref.sty
Package: hyperref 2017/03/14 v6.85a Hypertext links for LaTeX
 (/usr/local/texlive/2017basic/texmf-dist/tex/generic/oberdiek/hobsub-hyperref.sty
Package: hobsub-hyperref 2016/05/16 v1.14 Bundle oberdiek, subset hyperref (HO)
 (/usr/local/texlive/2017basic/texmf-dist/tex/generic/oberdiek/hobsub-generic.sty
Package: hobsub-generic 2016/05/16 v1.14 Bundle oberdiek, subset generic (HO)
Package: hobsub 2016/05/16 v1.14 Construct package bundles (HO)
Package: infwarerr 2016/05/16 v1.4 Providing info/warning/error messages (HO)
Package: ltxcmds 2016/05/16 v1.23 LaTeX kernel commands for general use (HO)
Package hobsub Info: Skipping package `ifluatex' (already loaded).
Package: ifvtex 2016/05/16 v1.6 Detect VTeX and its facilities (HO)
Package ifvtex Info: VTeX not detected.
Package: intcalc 2016/05/16 v1.2 Expandable calculations with integers (HO)
Package: ifpdf 2017/03/15 v3.2 Provides the ifpdf switch
Package: etexcmds 2016/05/16 v1.6 Avoid name clashes with e-TeX commands (HO)
Package etexcmds Info: Could not find \expanded.
(etexcmds)             That can mean that you are not using pdfTeX 1.50 or
(etexcmds)             that some package has redefined \expanded.
(etexcmds)             In the latter case, load this package earlier.
Package: kvsetkeys 2016/05/16 v1.17 Key value parser (HO)
Package: kvdefinekeys 2016/05/16 v1.4 Define keys (HO)
Package: pdftexcmds 2017/03/19 v0.25 Utility functions of pdfTeX for LuaTeX (HO)
Package pdftexcmds Info: LuaTeX not detected.
Package pdftexcmds Info: pdfTeX >= 1.30 not detected.
Package pdftexcmds Info: \pdf@primitive is available.
Package pdftexcmds Info: \pdf@ifprimitive is available.
Package pdftexcmds Info: \pdfdraftmode not found.
Package: pdfescape 2016/05/16 v1.14 Implements pdfTeX's escape features (HO)
Package: bigintcalc 2016/05/16 v1.4 Expandable calculations on big integers (HO)
Package: bitset 2016/05/16 v1.2 Handle bit-vector datatype (HO)
Package: uniquecounter 2016/05/16 v1.3 Provide unlimited unique counter (HO)
)
Package hobsub Info: Skipping package `hobsub' (already loaded).
Package: letltxmacro 2016/05/16 v1.5 Let assignment for LaTeX macros (HO)
Package: hopatch 2016/05/16 v1.3 Wrapper for package hooks (HO)
Package: xcolor-patch 2016/05/16 xcolor patch
Package: atveryend 2016/05/16 v1.9 Hooks at the very end of document (HO)
Package: atbegshi 2016/06/09 v1.18 At begin shipout hook (HO)
Package: refcount 2016/05/16 v3.5 Data extraction from label references (HO)
Package: hycolor 2016/05/16 v1.8 Color options for hyperref/bookmark (HO)
) (/usr/local/texlive/2017basic/texmf-dist/tex/latex/oberdiek/auxhook.sty
Package: auxhook 2016/05/16 v1.4 Hooks for auxiliary files (HO)
) (/usr/local/texlive/2017basic/texmf-dist/tex/latex/oberdiek/kvoptions.sty
Package: kvoptions 2016/05/16 v3.12 Key value format for package options (HO)
)
\@linkdim=\dimen138
\Hy@linkcounter=\count139
\Hy@pagecounter=\count140
 (/usr/local/texlive/2017basic/texmf-dist/tex/latex/hyperref/pd1enc.def
File: pd1enc.def 2017/03/14 v6.85a Hyperref: PDFDocEncoding definition (HO)
)
\Hy@SavedSpaceFactor=\count141
 (/usr/local/texlive/2017basic/texmf-dist/tex/latex/latexconfig/hyperref.cfg
File: hyperref.cfg 2002/06/06 v1.2 hyperref configuration of TeXLive
)
Package hyperref Info: Hyper figures OFF on input line 4498.
Package hyperref Info: Link nesting OFF on input line 4503.
Package hyperref Info: Hyper index ON on input line 4506.
Package hyperref Info: Plain pages OFF on input line 4513.
Package hyperref Info: Backreferencing OFF on input line 4518.
Package hyperref Info: Implicit mode ON; LaTeX internals redefined.
Package hyperref Info: Bookmarks ON on input line 4751.
\c@Hy@tempcnt=\count142
 (/usr/local/texlive/2017basic/texmf-dist/tex/latex/url/url.sty
\Urlmuskip=\muskip16
Package: url 2013/09/16  ver 3.4  Verb mode for urls, etc.
)
LaTeX Info: Redefining \url on input line 5104.
\XeTeXLinkMargin=\dimen139
\Fld@menulength=\count143
\Field@Width=\dimen140
\Fld@charsize=\dimen141
Package hyperref Info: Hyper figures OFF on input line 6358.
Package hyperref Info: Link nesting OFF on input line 6363.
Package hyperref Info: Hyper index ON on input line 6366.
Package hyperref Info: backreferencing OFF on input line 6373.
Package hyperref Info: Link coloring OFF on input line 6378.
Package hyperref Info: Link coloring with OCG OFF on input line 6383.
Package hyperref Info: PDF/A mode OFF on input line 6388.
LaTeX Info: Redefining \ref on input line 6428.
LaTeX Info: Redefining \pageref on input line 6432.
\Hy@abspage=\count144
\c@Item=\count145
\c@Hfootnote=\count146
)

Package hyperref Message: Driver (autodetected): hxetex.

(/usr/local/texlive/2017basic/texmf-dist/tex/latex/hyperref/hxetex.def
File: hxetex.def 2017/03/14 v6.85a Hyperref driver for XeTeX
 (/usr/local/texlive/2017basic/texmf-dist/tex/latex/hyperref/puenc.def
File: puenc.def 2017/03/14 v6.85a Hyperref: PDF Unicode definition (HO)
) (/usr/local/texlive/2017basic/texmf-dist/tex/generic/oberdiek/stringenc.sty
Package: stringenc 2016/05/16 v1.11 Convert strings between diff. encodings (HO)
)
\pdfm@box=\box44
\c@Hy@AnnotLevel=\count147
\HyField@AnnotCount=\count148
\Fld@listcount=\count149
\c@bookmark@seq@number=\count150
 (/usr/local/texlive/2017basic/texmf-dist/tex/latex/oberdiek/rerunfilecheck.sty
Package: rerunfilecheck 2016/05/16 v1.8 Rerun checks for auxiliary files (HO)
Package rerunfilecheck Info: Feature \pdfmdfivesum is not available
(rerunfilecheck)             (e.g. pdfTeX or LuaTeX with package `pdftexcmds').
(rerunfilecheck)             Therefore file contents cannot be checked efficiently
(rerunfilecheck)             and the loading of the package is aborted.
)
\Hy@SectionHShift=\skip62
)
Package hyperref Info: Option `unicode' set `true' on input line 17.
 (/usr/local/texlive/2017basic/texmf-dist/tex/generic/oberdiek/se-ascii-print.def
File: se-ascii-print.def 2016/05/16 v1.11 stringenc: Printable ASCII characters
)
Package hyperref Info: Option `breaklinks' set `true' on input line 17.
 (/usr/local/texlive/2017basic/texmf-dist/tex/latex/graphics/graphicx.sty
Package: graphicx 2014/10/28 v1.0g Enhanced LaTeX Graphics (DPC,SPQR)
 (/usr/local/texlive/2017basic/texmf-dist/tex/latex/graphics/graphics.sty
Package: graphics 2017/04/14 v1.1b Standard LaTeX Graphics (DPC,SPQR)
 (/usr/local/texlive/2017basic/texmf-dist/tex/latex/graphics/trig.sty
Package: trig 2016/01/03 v1.10 sin cos tan (DPC)
) (/usr/local/texlive/2017basic/texmf-dist/tex/latex/graphics-cfg/graphics.cfg
File: graphics.cfg 2016/06/04 v1.11 sample graphics configuration
)
Package graphics Info: Driver file: xetex.def on input line 99.
 (/usr/local/texlive/2017basic/texmf-dist/tex/latex/graphics-def/xetex.def
File: xetex.def 2016/07/11 v4.10 LaTeX color/graphics driver for XeTeX (L3/RRM/JK)
))
\Gin@req@height=\dimen142
\Gin@req@width=\dimen143
) (/usr/local/texlive/2017basic/texmf-dist/tex/latex/oberdiek/grffile.sty
Package: grffile 2016/05/16 v1.17 Extended file name support for graphics (HO)
Package grffile Info: \Gread@QTm patched on input line 253.
Package grffile Info: \Gread@eps patched on input line 303.
Package grffile Info: Option `multidot' is set to `true'.
Package grffile Info: Option `extendedchars' is set to `false'.
Package grffile Info: Option `space' is set to `true'.
Package grffile Info: \Gin@ii of package `graphicx' fixed on input line 486.
) (/usr/local/texlive/2017basic/texmf-dist/tex/latex/polyglossia/polyglossia.sty
Package: polyglossia 2015/03/25 v1.42.4 Alternative to Babel for XeLaTeX and LuaLaTeX
 (/usr/local/texlive/2017basic/texmf-dist/tex/latex/makecmds/makecmds.sty
Package: makecmds 2009/09/03 v1.0a extra command making commands
)
\xpg@normalclass=\XeTeXcharclass1
) (/usr/local/texlive/2017basic/texmf-dist/tex/latex/polyglossia/gloss-russian.ldf
File: gloss-russian.ldf polyglossia: module for russian
 (/usr/local/texlive/2017basic/texmf-dist/tex/latex/polyglossia/babelsh.def
File: babelsh.def 2013/04/30 Babel common definitions for shorthands
 Taken verbatim from babel.def (2013/04/15 v3.9e)
)
Package polyglossia Info: Making " an active character on input line 41.
)
Package polyglossia Info: Default language is russian.
 (/usr/local/texlive/2017basic/texmf-dist/tex/latex/tools/indentfirst.sty
Package: indentfirst 1995/11/23 v1.03 Indent first paragraph (DPC)
)
.................................................
. fontspec info: "set-scale"
. 
. Georgia scale = 0.8952224930100089.
.................................................
\g__fontspec_family_Georgia_int=\count151
.................................................
. fontspec info: "set-scale"
. 
. Georgia scale = 0.8952224930100089.
.................................................
.................................................
. fontspec info: "set-scale"
. 
. Georgia/B scale = 0.8898062986734639.
.................................................
.................................................
. fontspec info: "set-scale"
. 
. Georgia/I scale = 0.8748140312370953.
.................................................
.................................................
. fontspec info: "set-scale"
. 
. Georgia/BI scale = 0.8696437006545651.
.................................................
.................................................
. fontspec info: "defining-font"
. 
. Font family 'Georgia(0)' created for font 'Georgia' with options
. [Ligatures=TeX,Scale=MatchLowercase].
.  
.  This font family consists of the following NFSS series/shapes:
.  
. - 'normal' (m/n) with NFSS spec.:
. <->s*[0.8952224930100089]"Georgia/OT:script=latn;language=DFLT;mapping=tex-text;"
. - 'small caps'  (m/sc) with NFSS spec.: 
. - 'bold' (bx/n) with NFSS spec.:
. <->s*[0.8898062986734639]"Georgia/B/OT:script=latn;language=DFLT;mapping=tex-text;"
. - 'bold small caps'  (bx/sc) with NFSS spec.: 
. - 'italic' (m/it) with NFSS spec.:
. <->s*[0.8748140312370953]"Georgia/I/OT:script=latn;language=DFLT;mapping=tex-text;"
. - 'italic small caps'  (m/itsc) with NFSS spec.: 
. - 'bold italic' (bx/it) with NFSS spec.:
. <->s*[0.8696437006545651]"Georgia/BI/OT:script=latn;language=DFLT;mapping=tex-text;"
. - 'bold italic small caps'  (bx/itsc) with NFSS spec.: 
.................................................
.................................................
. fontspec info: "set-scale"
. 
. iA Writer Duospace scale = 0.8352727989608172.
.................................................
\g__fontspec_family_iAWriterDuospace_int=\count152
.................................................
. fontspec info: "set-scale"
. 
. iA Writer Duospace scale = 0.8352727989608172.
.................................................
.................................................
. fontspec info: "set-scale"
. 
. iA Writer Duospace/B scale = 0.8352727989608172.
.................................................
.................................................
. fontspec info: "set-scale"
. 
. iA Writer Duospace/I scale = 0.8352727989608172.
.................................................
.................................................
. fontspec info: "set-scale"
. 
. iA Writer Duospace/BI scale = 0.8352727989608172.
.................................................
.................................................
. fontspec info: "defining-font"
. 
. Font family 'iAWriterDuospace(0)' created for font 'iA Writer Duospace' with
. options [Ligatures=TeX,Scale=MatchLowercase].
.  
.  This font family consists of the following NFSS series/shapes:
.  
. - 'normal' (m/n) with NFSS spec.: <->s*[0.8352727989608172]"iA Writer
. Duospace/OT:script=latn;language=DFLT;mapping=tex-text;"
. - 'small caps'  (m/sc) with NFSS spec.: 
. - 'bold' (bx/n) with NFSS spec.: <->s*[0.8352727989608172]"iA Writer
. Duospace/B/OT:script=latn;language=DFLT;mapping=tex-text;"
. - 'bold small caps'  (bx/sc) with NFSS spec.: 
. - 'italic' (m/it) with NFSS spec.: <->s*[0.8352727989608172]"iA Writer
. Duospace/I/OT:script=latn;language=DFLT;mapping=tex-text;"
. - 'italic small caps'  (m/itsc) with NFSS spec.: 
. - 'bold italic' (bx/it) with NFSS spec.: <->s*[0.8352727989608172]"iA Writer
. Duospace/BI/OT:script=latn;language=DFLT;mapping=tex-text;"
. - 'bold italic small caps'  (bx/itsc) with NFSS spec.: 
.................................................
.................................................
. fontspec info: "set-scale"
. 
. PT Sans scale = 0.8619993868621276.
.................................................
\g__fontspec_family_PTSans_int=\count153
.................................................
. fontspec info: "set-scale"
. 
. PT Sans scale = 0.8619993868621276.
.................................................
.................................................
. fontspec info: "set-scale"
. 
. PT Sans/B scale = 0.8619993868621276.
.................................................
.................................................
. fontspec info: "set-scale"
. 
. PT Sans/I scale = 0.8619993868621276.
.................................................
.................................................
. fontspec info: "set-scale"
. 
. PT Sans/BI scale = 0.8619993868621276.
.................................................
.................................................
. fontspec info: "defining-font"
. 
. Font family 'PTSans(0)' created for font 'PT Sans' with options
. [Ligatures=TeX,Scale=MatchLowercase].
.  
.  This font family consists of the following NFSS series/shapes:
.  
. - 'normal' (m/n) with NFSS spec.: <->s*[0.8619993868621276]"PT
. Sans/OT:script=latn;language=DFLT;mapping=tex-text;"
. - 'small caps'  (m/sc) with NFSS spec.: 
. - 'bold' (bx/n) with NFSS spec.: <->s*[0.8619993868621276]"PT
. Sans/B/OT:script=latn;language=DFLT;mapping=tex-text;"
. - 'bold small caps'  (bx/sc) with NFSS spec.: 
. - 'italic' (m/it) with NFSS spec.: <->s*[0.8619993868621276]"PT
. Sans/I/OT:script=latn;language=DFLT;mapping=tex-text;"
. - 'italic small caps'  (m/itsc) with NFSS spec.: 
. - 'bold italic' (bx/it) with NFSS spec.: <->s*[0.8619993868621276]"PT
. Sans/BI/OT:script=latn;language=DFLT;mapping=tex-text;"
. - 'bold italic small caps'  (bx/itsc) with NFSS spec.: 
.................................................
.................................................
. fontspec info: "set-scale"
. 
. Georgia scale = 0.8952224930100089.
.................................................
.................................................
. fontspec info: "set-scale"
. 
. Georgia scale = 0.8952224930100089.
.................................................
.................................................
. fontspec info: "set-scale"
. 
. Georgia/B scale = 0.8898062986734639.
.................................................
.................................................
. fontspec info: "set-scale"
. 
. Georgia/I scale = 0.8748140312370953.
.................................................
.................................................
. fontspec info: "set-scale"
. 
. Georgia/BI scale = 0.8696437006545651.
.................................................
.................................................
. fontspec info: "defining-font"
. 
. Font family 'Georgia(1)' created for font 'Georgia' with options
. [Ligatures=TeX,Scale=MatchLowercase,Ligatures=TeX].
.  
.  This font family consists of the following NFSS series/shapes:
.  
. - 'normal' (m/n) with NFSS spec.:
. <->s*[0.8952224930100089]"Georgia/OT:script=latn;language=DFLT;mapping=tex-text;"
. - 'small caps'  (m/sc) with NFSS spec.: 
. - 'bold' (bx/n) with NFSS spec.:
. <->s*[0.8898062986734639]"Georgia/B/OT:script=latn;language=DFLT;mapping=tex-text;"
. - 'bold small caps'  (bx/sc) with NFSS spec.: 
. - 'italic' (m/it) with NFSS spec.:
. <->s*[0.8748140312370953]"Georgia/I/OT:script=latn;language=DFLT;mapping=tex-text;"
. - 'italic small caps'  (m/itsc) with NFSS spec.: 
. - 'bold italic' (bx/it) with NFSS spec.:
. <->s*[0.8696437006545651]"Georgia/BI/OT:script=latn;language=DFLT;mapping=tex-text;"
. - 'bold italic small caps'  (bx/itsc) with NFSS spec.: 
.................................................
LaTeX Info: Redefining \rmfamily on input line 48.
LaTeX Font Info:    Font shape `TU/Georgia(1)/m/n' will be
(Font)              scaled to size 9.80263pt on input line 48.
.................................................
. fontspec info: "set-scale"
. 
. PT Mono scale = 0.8619965998717984.
.................................................
\g__fontspec_family_PTMono_int=\count154
.................................................
. fontspec info: "no-font-shape"
. 
. Could not resolve font "PT Mono/I" (it probably doesn't exist).
.................................................
.................................................
. fontspec info: "set-scale"
. 
. PT Mono scale = 0.8619965998717984.
.................................................
.................................................
. fontspec info: "set-scale"
. 
. PT Mono/B scale = 0.8619965998717984.
.................................................
.................................................
. fontspec info: "set-scale"
. 
. PT Mono/BI scale = 0.8619965998717984.
.................................................
.................................................
. fontspec info: "defining-font"
. 
. Font family 'PTMono(0)' created for font 'PT Mono' with options
. [Ligatures=TeX,Scale=MatchLowercase,WordSpace={1,0,0},HyphenChar=None,PunctuationSpace=WordSpace].
.  
.  This font family consists of the following NFSS series/shapes:
.  
. - 'normal' (m/n) with NFSS spec.: <->s*[0.8619965998717984]"PT
. Mono/OT:script=latn;language=DFLT;mapping=tex-text;"
. - 'small caps'  (m/sc) with NFSS spec.: 
. and font adjustment code:
. \fontdimen 2\font =1\fontdimen 2\font \fontdimen 3\font =0\fontdimen 3\font
. \fontdimen 4\font =0\fontdimen 4\font \fontdimen 7\font =0\fontdimen 2\font
. \hyphenchar \font =\c_minus_one 
. - 'bold' (bx/n) with NFSS spec.: <->s*[0.8619965998717984]"PT
. Mono/B/OT:script=latn;language=DFLT;mapping=tex-text;"
. - 'bold small caps'  (bx/sc) with NFSS spec.: 
. and font adjustment code:
. \fontdimen 2\font =1\fontdimen 2\font \fontdimen 3\font =0\fontdimen 3\font
. \fontdimen 4\font =0\fontdimen 4\font \fontdimen 7\font =0\fontdimen 2\font
. \hyphenchar \font =\c_minus_one 
. - 'bold italic' (bx/it) with NFSS spec.: <->s*[0.8619965998717984]"PT
. Mono/BI/OT:script=latn;language=DFLT;mapping=tex-text;"
. - 'bold italic small caps'  (bx/itsc) with NFSS spec.: 
. and font adjustment code:
. \fontdimen 2\font =1\fontdimen 2\font \fontdimen 3\font =0\fontdimen 3\font
. \fontdimen 4\font =0\fontdimen 4\font \fontdimen 7\font =0\fontdimen 2\font
. \hyphenchar \font =\c_minus_one 
.................................................
LaTeX Info: Redefining \ttfamily on input line 49.
.................................................
. fontspec info: "set-scale"
. 
. PT Sans scale = 0.8619965998717984.
.................................................
.................................................
. fontspec info: "set-scale"
. 
. PT Sans scale = 0.8619965998717984.
.................................................
.................................................
. fontspec info: "set-scale"
. 
. PT Sans/B scale = 0.8619965998717984.
.................................................
.................................................
. fontspec info: "set-scale"
. 
. PT Sans/I scale = 0.8619965998717984.
.................................................
.................................................
. fontspec info: "set-scale"
. 
. PT Sans/BI scale = 0.8619965998717984.
.................................................
.................................................
. fontspec info: "defining-font"
. 
. Font family 'PTSans(1)' created for font 'PT Sans' with options
. [Ligatures=TeX,Scale=MatchLowercase,Ligatures=TeX].
.  
.  This font family consists of the following NFSS series/shapes:
.  
. - 'normal' (m/n) with NFSS spec.: <->s*[0.8619965998717984]"PT
. Sans/OT:script=latn;language=DFLT;mapping=tex-text;"
. - 'small caps'  (m/sc) with NFSS spec.: 
. - 'bold' (bx/n) with NFSS spec.: <->s*[0.8619965998717984]"PT
. Sans/B/OT:script=latn;language=DFLT;mapping=tex-text;"
. - 'bold small caps'  (bx/sc) with NFSS spec.: 
. - 'italic' (m/it) with NFSS spec.: <->s*[0.8619965998717984]"PT
. Sans/I/OT:script=latn;language=DFLT;mapping=tex-text;"
. - 'italic small caps'  (m/itsc) with NFSS spec.: 
. - 'bold italic' (bx/it) with NFSS spec.: <->s*[0.8619965998717984]"PT
. Sans/BI/OT:script=latn;language=DFLT;mapping=tex-text;"
. - 'bold italic small caps'  (bx/itsc) with NFSS spec.: 
.................................................
LaTeX Info: Redefining \sffamily on input line 50.


LaTeX Warning: Unused global option(s):
    [titlepage=firstcover].

(/Users/dahl/Documents/GitHub/Utro/.texpadtmp/Utro.aux
LaTeX Font Info:    Font shape `TU/Georgia(0)/m/n' will be
(Font)              scaled to size 9.80263pt on input line 21.
)
\openout1 = `Utro.aux'.

LaTeX Font Info:    Checking defaults for OML/cmm/m/it on input line 59.
LaTeX Font Info:    ... okay on input line 59.
LaTeX Font Info:    Checking defaults for T1/cmr/m/n on input line 59.
LaTeX Font Info:    ... okay on input line 59.
LaTeX Font Info:    Checking defaults for OT1/cmr/m/n on input line 59.
LaTeX Font Info:    ... okay on input line 59.
LaTeX Font Info:    Checking defaults for OMS/cmsy/m/n on input line 59.
LaTeX Font Info:    ... okay on input line 59.
LaTeX Font Info:    Checking defaults for TU/lmr/m/n on input line 59.
LaTeX Font Info:    ... okay on input line 59.
LaTeX Font Info:    Checking defaults for OMX/cmex/m/n on input line 59.
LaTeX Font Info:    ... okay on input line 59.
LaTeX Font Info:    Checking defaults for U/cmr/m/n on input line 59.
LaTeX Font Info:    ... okay on input line 59.
LaTeX Font Info:    Checking defaults for PD1/pdf/m/n on input line 59.
LaTeX Font Info:    ... okay on input line 59.
LaTeX Font Info:    Checking defaults for PU/pdf/m/n on input line 59.
LaTeX Font Info:    ... okay on input line 59.
\AtBeginShipoutBox=\box45
Package hyperref Info: Link coloring OFF on input line 59.
 (/usr/local/texlive/2017basic/texmf-dist/tex/latex/hyperref/nameref.sty
Package: nameref 2016/05/21 v2.44 Cross-referencing by name of section
 (/usr/local/texlive/2017basic/texmf-dist/tex/generic/oberdiek/gettitlestring.sty
Package: gettitlestring 2016/05/16 v1.5 Cleanup title references (HO)
)
\c@section@level=\count155
)
LaTeX Info: Redefining \ref on input line 59.
LaTeX Info: Redefining \pageref on input line 59.
LaTeX Info: Redefining \nameref on input line 59.
 (/Users/dahl/Documents/GitHub/Utro/.texpadtmp/Utro.out) (/Users/dahl/Documents/GitHub/Utro/.texpadtmp/Utro.out)
\@outlinefile=\write3
\openout3 = `Utro.out'.

LaTeX Font Info:    Font shape `TU/PTSans(0)/m/n' will be
(Font)              scaled to size 9.43889pt on input line 72.
LaTeX Font Info:    Font shape `TU/PTSans(0)/bx/n' will be
(Font)              scaled to size 9.43889pt on input line 72.
LaTeX Font Info:    Font shape `TU/PTSans(0)/bx/n' will be
(Font)              scaled to size 17.87787pt on input line 72.
LaTeX Font Info:    Font shape `TU/Georgia(0)/m/n' will be
(Font)              scaled to size 12.89113pt on input line 72.
LaTeX Font Info:    External font `cmex10' loaded for size
(Font)              <14.4> on input line 72.
LaTeX Font Info:    External font `cmex10' loaded for size
(Font)              <7> on input line 72.
LaTeX Font Info:    Font shape `TU/iAWriterDuospace(0)/m/n' will be
(Font)              scaled to size 12.02782pt on input line 72.
 [1







] [2

] (/Users/dahl/Documents/GitHub/Utro/.texpadtmp/Utro.toc
LaTeX Font Info:    Font shape `TU/Georgia(0)/bx/n' will be
(Font)              scaled to size 9.74332pt on input line 2.
 [3



])
\tf@toc=\write4
\openout4 = `Utro.toc'.

 [4] [1




] [2] [3] [4


] [5] [6] [7]
Underfull \hbox (badness 7722) in paragraph at lines 275--276
\TU/Georgia(0)/m/n/10.95 исследовательского ума ничуть не притупилась. При всех
 []


Underfull \hbox (badness 2884) in paragraph at lines 277--278
[]\TU/Georgia(0)/m/n/10.95 Должна, однако, напомнить, что наука требует беспри-
 []


Underfull \hbox (badness 7522) in paragraph at lines 277--278
\TU/Georgia(0)/m/n/10.95 тема затрагивает не только научные, но и определённые
 []


Underfull \hbox (badness 6380) in paragraph at lines 279--280
\TU/Georgia(0)/m/n/10.95 гипотез, пытавшихся логически объяснять и обосновывать
 []


Underfull \hbox (badness 1152) in paragraph at lines 279--280
\TU/Georgia(0)/m/n/10.95 и люб…ознательная и люб…ЯЩАЯ ПОДГЛЯДЫВАТЬ ЧЕРЕЗ
 []

[8]
Underfull \hbox (badness 2707) in paragraph at lines 283--284
\TU/Georgia(0)/m/n/10.95 конкретизирована намного аккуратнее, нежели «магическое
 []


Underfull \hbox (badness 2020) in paragraph at lines 283--284
\TU/Georgia(0)/m/n/10.95 это слово при необходимости недолго, а в обсуждении оно
 []

LaTeX Font Info:    Font shape `TU/Georgia(0)/m/it' will be
(Font)              scaled to size 9.57924pt on input line 287.

Underfull \hbox (badness 2837) in paragraph at lines 287--288
[]\TU/Georgia(0)/m/it/10.95 «Наноботы способны на простейшие самостоятельные
 []


Underfull \hbox (badness 7012) in paragraph at lines 287--288
\TU/Georgia(0)/m/it/10.95 действия: \TU/Georgia(0)/bx/n/10.95 левитация \TU/Georgia(0)/m/it/10.95 относительно произвольно выбран-
 []


Underfull \hbox (badness 6978) in paragraph at lines 287--288
\TU/Georgia(0)/m/it/10.95 силы притяжения), чем достигается абсолютная свобода
 []


Underfull \hbox (badness 10000) in paragraph at lines 287--288
\TU/Georgia(0)/m/it/10.95 перемещения; \TU/Georgia(0)/bx/n/10.95 механическое взаимодействие \TU/Georgia(0)/m/it/10.95 с сосед-
 []


Underfull \hbox (badness 10000) in paragraph at lines 287--288
\TU/Georgia(0)/m/it/10.95 ними наноботами при произвольной степени жёсткости
 []


Underfull \hbox (badness 2073) in paragraph at lines 287--288
\TU/Georgia(0)/m/it/10.95 взаимодействия и силе разрыва связей; \TU/Georgia(0)/bx/n/10.95 информационное
 []


Underfull \hbox (badness 3039) in paragraph at lines 287--288
\TU/Georgia(0)/bx/n/10.95 взаимодействие \TU/Georgia(0)/m/it/10.95 с ближайшими наноботами посредством
 []


Underfull \hbox (badness 10000) in paragraph at lines 287--288
\TU/Georgia(0)/m/it/10.95 частотно-модулированного излучения (предположительно,
 []

[9]
Underfull \hbox (badness 1215) in paragraph at lines 289--290
[]\TU/Georgia(0)/m/n/10.95 Три функции. Это немного, но позволяет многое объяс-
 []


Underfull \hbox (badness 2126) in paragraph at lines 289--290
\TU/Georgia(0)/m/n/10.95 лась формулировка \TU/Georgia(0)/m/it/10.95 «активация ключевых команд, или так
 []


Underfull \hbox (badness 2460) in paragraph at lines 289--290
\TU/Georgia(0)/m/it/10.95 называемое колдовство, способно запускать очень сложные
 []


Underfull \hbox (badness 1694) in paragraph at lines 291--292
[]\TU/Georgia(0)/m/n/10.95 Здесь же находится фрагмент, который, при всём моём
 []


Underfull \hbox (badness 4378) in paragraph at lines 291--292
\TU/Georgia(0)/m/n/10.95 настоящий восторг: \TU/Georgia(0)/m/it/10.95 «наличием наноботов обусловливается
 []


Underfull \hbox (badness 1009) in paragraph at lines 291--292
\TU/Georgia(0)/m/it/10.95 появление так называемых кьютимарок, они же метки или
 []


Underfull \hbox (badness 2573) in paragraph at lines 291--292
\TU/Georgia(0)/m/it/10.95 цветной рисунок»\TU/Georgia(0)/m/n/10.95 . Я пока далека от того, чтобы безогово-
 []


Underfull \hbox (badness 10000) in paragraph at lines 291--292
\TU/Georgia(0)/m/n/10.95 чрезвычайно многообещающим. Пожалуйста, продолжай
 []


Underfull \hbox (badness 1715) in paragraph at lines 291--292
\TU/Georgia(0)/m/n/10.95 размышлять в этом направлении — мне очень хотелось бы
 []

[10]
Underfull \hbox (badness 1314) in paragraph at lines 297--298
\TU/Georgia(0)/m/n/10.95 скрывать, как раз при написании этого письма — мне при-
 []


Underfull \hbox (badness 1661) in paragraph at lines 297--298
\TU/Georgia(0)/m/n/10.95 притянутым. Но если допустить, что «сигналы» адресованы
 []


Underfull \hbox (badness 2343) in paragraph at lines 297--298
\TU/Georgia(0)/m/n/10.95 все эти «сигналы» могут быть частью сложного механизма
 []


Underfull \hbox (badness 6016) in paragraph at lines 303--304
[]\TU/Georgia(0)/m/it/10.95 «Особым случаем работы наноботов является режим
 []


Underfull \hbox (badness 1033) in paragraph at lines 303--304
\TU/Georgia(0)/m/it/10.95 телепортации. Для управления данным режимом необходим
 []


Underfull \hbox (badness 5533) in paragraph at lines 303--304
\TU/Georgia(0)/m/it/10.95 при котором образуется видимая граница зоны действия
 []

[11]
Underfull \hbox (badness 10000) in paragraph at lines 309--310
\TU/Georgia(0)/m/n/10.95 Представители академических кругов обычно именуют их
 []


Underfull \hbox (badness 6876) in paragraph at lines 311--312
[]\TU/Georgia(0)/m/n/10.95 Пожалуйста, пойми меня правильно. Лично я ничего
 []


Underfull \hbox (badness 1009) in paragraph at lines 311--312
\TU/Georgia(0)/m/n/10.95 не имею против твоего объяснения феномена телепортации:
 []


Underfull \hbox (badness 2626) in paragraph at lines 311--312
\TU/Georgia(0)/m/n/10.95 оно логично и хорошо укладывается в рамки обсуждаемой
 []


Underfull \hbox (badness 2653) in paragraph at lines 311--312
\TU/Georgia(0)/m/n/10.95 ли «душа» пони при «разборке» тела, почему она должна
 []

[12]
Underfull \hbox (badness 5787) in paragraph at lines 317--318
\TU/Georgia(0)/m/it/10.95 называемым полётам: наноботы при этом не включают
 []


Underfull \hbox (badness 1152) in paragraph at lines 317--318
\TU/Georgia(0)/m/it/10.95 деле никакого аэродинамического функционала эта система
 []


Underfull \hbox (badness 1629) in paragraph at lines 317--318
\TU/Georgia(0)/m/it/10.95 нести не может, о чём свидетельствует их конструктив:
 []

[13]
Underfull \hbox (badness 1406) in paragraph at lines 333--334
\TU/Georgia(0)/m/n/10.95 загадочным фактам (вроде того, зачем земным пони нужна
 []

[14]
Underfull \hbox (badness 1231) in paragraph at lines 339--340
\TU/Georgia(0)/m/n/10.95 читав), ты наверняка задалась вопросом о том, как же тебе
 []


Underfull \hbox (badness 1292) in paragraph at lines 339--340
\TU/Georgia(0)/m/n/10.95 поступить с этой интересной и многообещающей гипотезой.
 []


Underfull \hbox (badness 1163) in paragraph at lines 339--340
\TU/Georgia(0)/m/n/10.95 Как я уже не раз повторила, \TU/Georgia(0)/m/it/10.95 я не знаю, что тут сказать\TU/Georgia(0)/m/n/10.95 .
 []


Underfull \hbox (badness 2261) in paragraph at lines 339--340
\TU/Georgia(0)/m/n/10.95 Обрати, однако, внимание на то, что всюду в этом письме
 []


Underfull \hbox (badness 3612) in paragraph at lines 339--340
\TU/Georgia(0)/m/n/10.95 я использовала исключительно первое лицо \TU/Georgia(0)/m/it/10.95 единственного
 []

[15]
Underfull \hbox (badness 1072) in paragraph at lines 343--344
\TU/Georgia(0)/m/n/10.95 рификации твоей гипотезы. Идея заключалась в том, чтобы
 []


Underfull \hbox (badness 4229) in paragraph at lines 343--344
\TU/Georgia(0)/m/n/10.95 нить реальность и масштабы того самого предполагаемого
 []


Underfull \hbox (badness 10000) in paragraph at lines 343--344
\TU/Georgia(0)/m/it/10.95 повышенной \TU/Georgia(0)/m/n/10.95 концентрации она назвала канализационный
 []


Underfull \hbox (badness 2150) in paragraph at lines 343--344
\TU/Georgia(0)/m/n/10.95 свойства были изучены лишь около шестисот лет назад во
 []


Underfull \hbox (badness 7308) in paragraph at lines 352--353
[]\TU/Georgia(0)/m/n/10.95 — Фу-у-у!.. — поморщилась Свити Белль, дочитав до
 []

[16] [17] [18]
Underfull \hbox (badness 3735) in paragraph at lines 394--395
\TU/Georgia(0)/m/n/10.95 самое место повышенной концентрации ещё найти нужно,
 []


Underfull \hbox (badness 3612) in paragraph at lines 394--395
\TU/Georgia(0)/m/n/10.95 канализацию я по здравому размышлению не полезу, ибо
 []


Underfull \hbox (badness 2478) in paragraph at lines 394--395
\TU/Georgia(0)/m/n/10.95 я правильно помню, то среди твоих понивилльских подруг
 []


Underfull \hbox (badness 1052) in paragraph at lines 398--399
\TU/Georgia(0)/m/n/10.95 конечно, зубами поскрипит, но супротив изложенного выше
 []

[19] [20] [21] [22


] [23] [24]
Underfull \hbox (badness 3118) in paragraph at lines 483--484
\TU/Georgia(0)/m/n/10.95 и Луна телепортировались, потом ещё принцесса Твайлайт
 []


Underfull \hbox (badness 1048) in paragraph at lines 483--484
\TU/Georgia(0)/m/n/10.95 Ну то есть один инструмент был просто секундомер, нас по
 []


Underfull \hbox (badness 2894) in paragraph at lines 483--484
\TU/Georgia(0)/m/n/10.95 как он называется (что-то вроде какого-то «секс-та́натоса»,
 []


Underfull \hbox (badness 10000) in paragraph at lines 485--486
[]\TU/Georgia(0)/m/n/10.95 Потом, собственно, куча кантерлотских корреспонден-
 []


Underfull \hbox (badness 1082) in paragraph at lines 485--486
\TU/Georgia(0)/m/n/10.95 тов подвалила и даже один местный объявился — принёсся
 []


Underfull \hbox (badness 1168) in paragraph at lines 485--486
\TU/Georgia(0)/m/n/10.95 в ученицы, я тебе писала) ещё съехидничал, что выполнять
 []

[25]
Underfull \hbox (badness 1735) in paragraph at lines 495--496
\TU/Georgia(0)/m/n/10.95 а принцесса Твайлайт тоже этак глазами: одним смотрит в
 []


Underfull \hbox (badness 1668) in paragraph at lines 495--496
\TU/Georgia(0)/m/n/10.95 прислушалась — нет, не кажется. Спайк уже даже кряхтеть
 []

[26] [27]
Underfull \hbox (badness 3724) in paragraph at lines 511--512
\TU/Georgia(0)/m/n/10.95 у параболы корни, а где Фезервейт болтался, там аккурат
 []

[28] [29] [30]
Underfull \hbox (badness 1057) in paragraph at lines 557--558
\TU/Georgia(0)/m/n/10.95 копию плёнки сдёрнуть до того, как твоя подруга эту плён-
 []


Underfull \hbox (badness 1178) in paragraph at lines 557--558
\TU/Georgia(0)/m/n/10.95 ку ему засветила. Больше просто неоткуда было взяться, по
 []

[31] [32] [33] [34


]
Underfull \hbox (badness 1394) in paragraph at lines 612--613
[]\TU/Georgia(0)/m/n/10.95 — Ф-фух… чё там дальше-то было? — поинтересовалась
 []


Underfull \hbox (badness 1057) in paragraph at lines 612--613
\TU/Georgia(0)/m/n/10.95 Эппл Блум, отдуваясь после сытного обеда. — Свити? Я так
 []


Underfull \hbox (badness 5374) in paragraph at lines 614--615
\TU/Georgia(0)/m/n/10.95 один свой собственный эксперимент задумала. И сделала.
 []

[35] [36] [37]
Underfull \hbox (badness 2393) in paragraph at lines 662--663
\TU/Georgia(0)/m/n/10.95 не будет. И потом буквально через час ты такая со своим
 []


Underfull \hbox (badness 2435) in paragraph at lines 662--663
\TU/Georgia(0)/m/n/10.95 черновиком: дескать, тут чего-то странное творится, совсем
 []

[38] [39]
Underfull \hbox (badness 2073) in paragraph at lines 699--700
\TU/Georgia(0)/m/n/10.95 вонючий корреспондент передаёт из Понивилля без всяких
 []

[40]
Underfull \hbox (badness 2790) in paragraph at lines 713--714
[]\TU/Georgia(0)/m/n/10.95 — Это вот, значит, откуда слово «эксдерьмент» появи-
 []

[41]
Underfull \hbox (badness 1565) in paragraph at lines 736--737
\TU/Georgia(0)/m/n/10.95 и от моей как бы протеже (впрочем, торжественно клянусь
 []


Underfull \hbox (badness 1354) in paragraph at lines 736--737
\TU/Georgia(0)/m/n/10.95 что, это копии — твой остроумный поступок меня кое-чему
 []

LaTeX Font Info:    Font shape `TU/iAWriterDuospace(0)/m/n' will be
(Font)              scaled to size 9.14615pt on input line 740.

Underfull \hbox (badness 1158) in paragraph at lines 743--744
[]\TU/Georgia(0)/m/n/10.95 Твою мать, Тия, какого дискорда здесь вообще
 []

[42]
Underfull \hbox (badness 1946) in paragraph at lines 745--746
\TU/Georgia(0)/m/n/10.95 моги!». Она же всё-таки принцесса уже, должна
 []

[43]
Underfull \hbox (badness 1354) in paragraph at lines 753--754
[]\TU/Georgia(0)/m/n/10.95 Короче, вот тебе моё крайнее слово — колись!
 []


Underfull \hbox (badness 6658) in paragraph at lines 753--754
\TU/Georgia(0)/m/n/10.95 помяни моё слово, разбитыми вазами дело не
 []


Underfull \hbox (badness 4366) in paragraph at lines 755--756
[]\TU/Georgia(0)/m/n/10.95 Кстати, занявшись этими изысканиями, я тут
 []


Underfull \hbox (badness 5388) in paragraph at lines 755--756
\TU/Georgia(0)/m/n/10.95 заодно ещё кое-что посчитала. Получается, что
 []


Underfull \hbox (badness 1668) in paragraph at lines 755--756
\TU/Georgia(0)/m/n/10.95 наших с Твайлайт объединённых сил сейчас как
 []

[44]
Underfull \hbox (badness 1173) in paragraph at lines 781--782
\TU/Georgia(0)/m/n/10.95 даже я предположить не могла. Честное благородное слово,
 []


Underfull \hbox (badness 2096) in paragraph at lines 781--782
\TU/Georgia(0)/m/n/10.95 как выразилась бы твоя протеже. На этот счёт можешь не
 []

LaTeX Font Info:    External font `cmex10' loaded for size
(Font)              <10.95> on input line 785.
LaTeX Font Info:    External font `cmex10' loaded for size
(Font)              <8> on input line 785.
LaTeX Font Info:    External font `cmex10' loaded for size
(Font)              <6> on input line 785.
LaTeX Font Info:    Font shape `TU/Georgia(0)/m/n' will be
(Font)              scaled to size 7.16174pt on input line 785.
LaTeX Font Info:    Font shape `TU/Georgia(0)/m/n' will be
(Font)              scaled to size 8.05696pt on input line 785.
LaTeX Font Info:    External font `cmex10' loaded for size
(Font)              <9> on input line 785.
LaTeX Font Info:    External font `cmex10' loaded for size
(Font)              <5> on input line 785.
LaTeX Font Info:    Font shape `TU/Georgia(0)/m/n' will be
(Font)              scaled to size 5.3713pt on input line 785.

Underfull \hbox (badness 2512) in paragraph at lines 787--788
[]\TU/Georgia(0)/m/n/10.95 Не последнюю роль в этой усталости сыграли те, кого
 []


Underfull \hbox (badness 1067) in paragraph at lines 787--788
\TU/Georgia(0)/m/n/10.95 и былой репутации, никто не рискнёт всерьёз задрать перо.
 []

[45]
Underfull \hbox (badness 3396) in paragraph at lines 793--794
[]\TU/Georgia(0)/m/it/10.95 «Я не понимаю, вот зачем надо было весь цирк горо-
 []


Underfull \hbox (badness 1019) in paragraph at lines 793--794
\TU/Georgia(0)/m/it/10.95 дить? Неужели так трудно было просто сказать прямо —
 []


Underfull \hbox (badness 1259) in paragraph at lines 793--794
\TU/Georgia(0)/m/it/10.95 вариантов-то всего три: „да!“, „нет!“ и „не моги!“. Она же
 []


Underfull \hbox (badness 2334) in paragraph at lines 797--798
\TU/Georgia(0)/m/n/10.95 Ты ведь читала через моё плечо, как я отвечала Твайлайт
 []


Underfull \hbox (badness 10000) in paragraph at lines 797--798
\TU/Georgia(0)/m/n/10.95 телепортации действительно может вызвать определённые
 []


Underfull \hbox (badness 2781) in paragraph at lines 797--798
\TU/Georgia(0)/m/n/10.95 идеологические неудобства, а интерпретация магии земных
 []

[46] [47] [48] [49] [50


] [51] [52] [53] [54]
Underfull \hbox (badness 1466) in paragraph at lines 988--989
[]\TU/Georgia(0)/m/n/10.95 Стадион в этой их Школе очень даже ничего. Большой
 []


Underfull \hbox (badness 1472) in paragraph at lines 996--997
\TU/Georgia(0)/m/n/10.95 поговорили и договорились вот до чего. Вас здесь шестеро,
 []

[55]
Underfull \hbox (badness 7186) in paragraph at lines 1008--1009
\TU/Georgia(0)/m/n/10.95 Относительно, конечно. С учётом их маленькой толщины
 []


Underfull \hbox (badness 1460) in paragraph at lines 1012--1013
\TU/Georgia(0)/m/n/10.95 ими можно делать очень частые взмахи по очень сложным
 []

[56]
Underfull \hbox (badness 1033) in paragraph at lines 1024--1025
\TU/Georgia(0)/m/n/10.95 Здесь очень важна точность маневрирования и возможность
 []


Underfull \hbox (badness 1990) in paragraph at lines 1028--1029
\TU/Georgia(0)/m/n/10.95 как отдельный воздушный боец. Представьте себе обычную
 []


Underfull \hbox (badness 7081) in paragraph at lines 1028--1029
\TU/Georgia(0)/m/n/10.95 В кого превратится чейнджлинг, если всё-таки возникнет
 []

[57]
Underfull \hbox (badness 10000) in paragraph at lines 1032--1033
\TU/Georgia(0)/m/n/10.95 приобретает базовые способности, свойственные скопиро-
 []


Underfull \hbox (badness 1077) in paragraph at lines 1032--1033
\TU/Georgia(0)/m/n/10.95 ванному виду. Полёт с неявным использованием магии, как
 []


Underfull \hbox (badness 2521) in paragraph at lines 1032--1033
\TU/Georgia(0)/m/n/10.95 форму — летать довольно прилично. Пожалуй, чуть лучше
 []

[58]
Underfull \hbox (badness 2261) in paragraph at lines 1058--1059
[]\TU/Georgia(0)/m/n/10.95 Старлайт прищурилась и засветила рог. Мне на голову
 []


Underfull \hbox (badness 1371) in paragraph at lines 1058--1059
\TU/Georgia(0)/m/n/10.95 шалось шушуканье, что-то вроде «ты… нет, ты… вот сюда…
 []

[59]
Underfull \hbox (badness 1418) in paragraph at lines 1104--1105
\TU/Georgia(0)/m/n/10.95 коны появляются на свет бескрылыми, обретая крылья при
 []


Underfull \hbox (badness 2050) in paragraph at lines 1104--1105
\TU/Georgia(0)/m/n/10.95 числом. Я, с вашего позволения, буду говорить о взрослых
 []

[60]
Underfull \hbox (badness 5908) in paragraph at lines 1108--1109
\TU/Georgia(0)/m/n/10.95 первых млекопитающих. Первыми \TU/Georgia(0)/m/it/10.95 крылатыми \TU/Georgia(0)/m/n/10.95 млекопита-
 []


Underfull \hbox (badness 1852) in paragraph at lines 1108--1109
\TU/Georgia(0)/m/n/10.95 ющими были летучие мыши, чьи крылья очень похожи на
 []


Underfull \hbox (badness 3417) in paragraph at lines 1108--1109
\TU/Georgia(0)/m/n/10.95 стали управляемыми в отличие от крыльев чейнджлингов.
 []


Underfull \hbox (badness 3568) in paragraph at lines 1108--1109
\TU/Georgia(0)/m/n/10.95 и далеко… принимая во внимание миграции, занимающие
 []


Underfull \hbox (badness 2181) in paragraph at lines 1108--1109
\TU/Georgia(0)/m/n/10.95 важное место в их жизни, это и есть основное назначение
 []


Underfull \hbox (badness 5359) in paragraph at lines 1114--1115
\TU/Georgia(0)/m/n/10.95 Я проследил её взгляд — там Оцеллия яростно строчила
 []

[61]
Underfull \hbox (badness 1590) in paragraph at lines 1124--1125
\TU/Georgia(0)/m/n/10.95 возможности маневрирования, зато у него есть гибкая шея,
 []

[62] [63]
Underfull \hbox (badness 3179) in paragraph at lines 1152--1153
[]\TU/Georgia(0)/m/n/10.95 — Хорошее замечание. Если бы детёныш гиппогрифов
 []

[64]
Underfull \hbox (badness 1748) in paragraph at lines 1176--1177
\TU/Georgia(0)/m/n/10.95 ные бойцы, но самые универсальные. Совершенные крылья
 []


Underfull \hbox (badness 5147) in paragraph at lines 1176--1177
\TU/Georgia(0)/m/n/10.95 Управление погодой позволяет пегасам работать и против
 []


Underfull \hbox (badness 1087) in paragraph at lines 1176--1177
\TU/Georgia(0)/m/n/10.95 и так далее. У гиппогрифов этого нет, зато они могут жить
 []

[65]
Underfull \hbox (badness 1436) in paragraph at lines 1184--1185
[]\TU/Georgia(0)/m/n/10.95 — Легко компенсируются навесным оружием. Это лишь
 []


Underfull \vbox (badness 1163) has occurred while \output is active []

 [66]
Overfull \hbox (15.32109pt too wide) in paragraph at lines 1224--1224
[]\TU/PTSans(0)/m/n/10.95 Низок смирившийся с этой судьбой, [] 
 []


Underfull \hbox (badness 10000) in paragraph at lines 1225--1225
  [][][]\TU/Georgia(0)/m/n/9 Фрагмент стихотворения арабского поэта Х века Абу-т-Тайиба аль-
 []


Underfull \hbox (badness 10000) in paragraph at lines 1236--1237
[]\TU/Georgia(0)/m/n/10.95 — Действительно, давайте вернёмся. Вот перед нами
 []


Underfull \hbox (badness 1184) in paragraph at lines 1236--1237
\TU/Georgia(0)/m/n/10.95 ны родственны гиппогрифам, но к птицам ещё ближе, а от
 []


Underfull \hbox (badness 5741) in paragraph at lines 1236--1237
\TU/Georgia(0)/m/n/10.95 пони дальше. Очень многое из уже сказанного относится
 []


Underfull \hbox (badness 1122) in paragraph at lines 1236--1237
\TU/Georgia(0)/m/n/10.95 к ним в полной мере, как нам заметил тут Галлус. Но есть
 []

[67]
Underfull \hbox (badness 2591) in paragraph at lines 1246--1247
[]\TU/Georgia(0)/m/n/10.95 Завуч посопела и сколдовала. На грифоньих лапах по-
 []


Underfull \hbox (badness 3407) in paragraph at lines 1246--1247
\TU/Georgia(0)/m/n/10.95 явилось что-то вроде браслетов — утяжеляющие мешочки-
 []

[68]
Underfull \hbox (badness 3492) in paragraph at lines 1260--1261
\TU/Georgia(0)/m/n/10.95 с достаточно большими крыльями, нужна соответствующая
 []

[69]
Underfull \hbox (badness 4096) in paragraph at lines 1278--1279
\TU/Georgia(0)/m/n/10.95 лапах позволяют пользоваться эффективным немагическим
 []


Underfull \hbox (badness 2894) in paragraph at lines 1278--1279
\TU/Georgia(0)/m/n/10.95 оружием. Все, надеюсь, знают, что меч придумали именно
 []

[70] [71]
Underfull \hbox (badness 7704) in paragraph at lines 1342--1343
[]\TU/Georgia(0)/m/n/10.95 — У неё отец такой… говоря по-нашему, из военно-
 []

[72]
Underfull \hbox (badness 1521) in paragraph at lines 1368--1369
[]\TU/Georgia(0)/m/n/10.95 Мелкую закувыркало в штопоре. Сильверстрим, аккурат
 []

[73]
Underfull \hbox (badness 1028) in paragraph at lines 1372--1373
\TU/Georgia(0)/m/n/10.95 неконтролируемое падение в контролируемое, из собственно
 []


Underfull \hbox (badness 1107) in paragraph at lines 1374--1375
[]\TU/Georgia(0)/m/n/10.95 Сильверстрим сейчас явно намеревалась этим моментом
 []

[74] [75] [76] [77


]
Underfull \hbox (badness 1742) in paragraph at lines 1470--1471
[]\TU/Georgia(0)/m/n/10.95 — Ладно, как-нибудь отбрешусь. Скажи лучше, чего ты
 []

[78] [79] [80]
Underfull \hbox (badness 2142) in paragraph at lines 1558--1559
[]\TU/Georgia(0)/m/n/10.95 — …Поэтому разумный рассчитывает победу, исходя из
 []

[81]
Underfull \hbox (badness 1226) in paragraph at lines 1586--1587
\TU/Georgia(0)/m/n/10.95 грифоны возвели войну в искусство — значит, по-хорошему
 []


Underfull \hbox (badness 1762) in paragraph at lines 1586--1587
\TU/Georgia(0)/m/n/10.95 вся пятая глава того же трактата. У \TU/Georgia(0)/m/it/10.95 кое-кого \TU/Georgia(0)/m/n/10.95 был слишком
 []

[82]
Underfull \hbox (badness 3189) in paragraph at lines 1619--1620
\TU/Georgia(0)/m/n/10.95 не было ли тут ответного хода в этой их ляганной Игре?
 []


Underfull \hbox (badness 2932) in paragraph at lines 1619--1620
\TU/Georgia(0)/m/n/10.95 и переписанный на полочке давно лежит, да другая похо-
 []


Underfull \hbox (badness 1558) in paragraph at lines 1619--1620
\TU/Georgia(0)/m/n/10.95 жая проблема как раз поджимает, а тут такая возможность
 []


Underfull \hbox (badness 1292) in paragraph at lines 1619--1620
\TU/Georgia(0)/m/n/10.95 подвернулась! Они ж давно знакомы, я так поняла, больше
 []

[83] [84] [85] [86


] [87]
Underfull \hbox (badness 5245) in paragraph at lines 1688--1689
[]\TU/Georgia(0)/m/n/10.95 — На всякий случай, — перевёл доставивший письмо
 []

[88] [89] [90] [91] [92] [93] [94] [95]
Underfull \hbox (badness 1371) in paragraph at lines 1904--1905
[]\TU/Georgia(0)/m/n/10.95 — А если покажут чейнджлинга и скажут то же самое?
 []


Underfull \hbox (badness 2088) in paragraph at lines 1924--1925
\TU/Georgia(0)/m/n/10.95 И при этом честная. Ты с этим справишься лучше других.
 []

[96] [97] [98]
Underfull \hbox (badness 1953) in paragraph at lines 2000--2001
[]\TU/Georgia(0)/m/n/10.95 Эппл Блум вышла из комнаты, провожаемая улыбками
 []

[99] [100] [101


] [102]
Underfull \hbox (badness 1509) in paragraph at lines 2103--2104
[]\TU/Georgia(0)/m/n/10.95 — Пишущую. Вон ту… — журналистка мотнула головой
 []


Underfull \hbox (badness 2653) in paragraph at lines 2121--2122
[]\TU/Georgia(0)/m/n/10.95 — Девочка, — медленно и с расстановкой проговорила
 []

[103] [104]
Underfull \hbox (badness 3323) in paragraph at lines 2153--2154
[]\TU/Georgia(0)/m/n/10.95 — Неважно. В тебе есть больше, чем кажется на пер-
 []

[105] [106]
Underfull \hbox (badness 1521) in paragraph at lines 2203--2204
\TU/Georgia(0)/m/n/10.95 рассеявшись. Через несколько секунд машинка неторопливо
 []

[107]
Underfull \hbox (badness 1270) in paragraph at lines 2221--2222
\TU/Georgia(0)/m/n/10.95 в нём необычное для себя или других. Хм… Ну, давай рас-
 []


Underfull \hbox (badness 2221) in paragraph at lines 2221--2222
\TU/Georgia(0)/m/n/10.95 в соревнованиях по спринту, заняла второе место. Фаворит
 []

[108] [109]
Underfull \hbox (badness 3635) in paragraph at lines 2267--2268
\TU/Georgia(0)/m/n/10.95 чины неизвестны. Если это преступление, то им, конечно,
 []


Underfull \hbox (badness 1708) in paragraph at lines 2267--2268
\TU/Georgia(0)/m/n/10.95 будет заниматься пониция, но если нет, то это может при-
 []


Underfull \hbox (badness 10000) in paragraph at lines 2267--2268
\TU/Georgia(0)/m/n/10.95 открывающихся обстоятельств. Что-то отвергается, что-то
 []

[110]
Underfull \hbox (badness 3668) in paragraph at lines 2283--2284
\TU/Georgia(0)/m/n/10.95 а ещё тебе придётся привыкать пользоваться словарями и
 []


Underfull \hbox (badness 4229) in paragraph at lines 2293--2294
\TU/Georgia(0)/m/n/10.95 То-то дворцовый садовник вечером рассказывал жене, как
 []


Underfull \hbox (badness 1895) in paragraph at lines 2293--2294
\TU/Georgia(0)/m/n/10.95 её величество изволили весь день дурью маяться: «воду из
 []

[111]
Underfull \hbox (badness 2680) in paragraph at lines 2303--2304
\TU/Georgia(0)/m/n/10.95 вально возрыдала. Эппл Блум открыла было рот спросить,
 []


Underfull \hbox (badness 1320) in paragraph at lines 2303--2304
\TU/Georgia(0)/m/n/10.95 всё ли в порядке, но быстро распознала смеховую истерику
 []


Underfull \hbox (badness 2173) in paragraph at lines 2305--2306
\TU/Georgia(0)/m/n/10.95 Распрямилась, встала обратно на ноги, встряхнула головой.
 []

[112]
Underfull \hbox (badness 1796) in paragraph at lines 2337--2338
\TU/Georgia(0)/m/n/10.95 чейнджлинг, Фаринкс, но он к ним потом присоединился…
 []


Underfull \hbox (badness 3354) in paragraph at lines 2339--2340
[]\TU/Georgia(0)/m/n/10.95 — Так. Старлайт Глиммер и Трикси хорошо известны,
 []


Underfull \vbox (badness 2005) has occurred while \output is active []

 [113]
Underfull \hbox (badness 1924) in paragraph at lines 2363--2364
\TU/Georgia(0)/m/n/10.95 висит, — усмехнулась журналистка. — Если убедишь сестру
 []


Underfull \hbox (badness 2932) in paragraph at lines 2363--2364
\TU/Georgia(0)/m/n/10.95 упросить принцессу Твайлайт написать принцессе Селестии
 []

[114]
Underfull \hbox (badness 1622) in paragraph at lines 2365--2366
\TU/Georgia(0)/m/n/10.95 Чаптер подхватила телекинезом старую машинку и понесла
 []

[115]
Underfull \hbox (badness 6428) in paragraph at lines 2405--2406
[]\TU/Georgia(0)/m/n/10.95 …Проводив ученицу взглядом, Квик Чаптер вернулась
 []


Underfull \hbox (badness 2065) in paragraph at lines 2407--2408
[]\TU/Georgia(0)/m/n/10.95 Жила-была единорожка Твайлайт Спаркл. Она
 []


Underfull \hbox (badness 2980) in paragraph at lines 2407--2408
\TU/Georgia(0)/m/n/10.95 Поэтому в школе от неё шарахались, но как-то
 []


Underfull \hbox (badness 2368) in paragraph at lines 2409--2410
\TU/Georgia(0)/m/n/10.95 Найтмэр Мун и накатала письмо принцессе. Но
 []

[116]
Underfull \hbox (badness 7064) in paragraph at lines 2417--2418
[]\TU/Georgia(0)/m/n/10.95 Правда, эту самую Твайлайт Спаркл обратно
 []

[117] [118]
Underfull \hbox (badness 2837) in paragraph at lines 2448--2449
\TU/Georgia(0)/m/n/10.95 Блум ей сразу же страшно возгордилась. Там было краси-
 []


Underfull \hbox (badness 1137) in paragraph at lines 2448--2449
\TU/Georgia(0)/m/n/10.95 выми завитушками написано, что «все вопросы, задаваемые
 []

[119


] [120]
Underfull \hbox (badness 1292) in paragraph at lines 2468--2469
\TU/Georgia(0)/m/it/10.95 всяко что дым из ушей, Старлайт взялась её научить как
 []


Underfull \hbox (badness 1072) in paragraph at lines 2481--2482
[]\TU/Georgia(0)/m/n/10.95 — Ты при начале-то сама присутствовала. Помнишь тот
 []


Underfull \hbox (badness 10000) in paragraph at lines 2487--2488
\TU/Georgia(0)/m/n/10.95 царапая в блокноте: \TU/Georgia(0)/m/it/10.95 «Свити как бы: пикник, насекомые,
 []


Underfull \hbox (badness 1527) in paragraph at lines 2487--2488
\TU/Georgia(0)/m/it/10.95 сфера, повели учиться, Твайлайт была занята, вместо неё
 []

[121] [122] [123] [124]
Underfull \hbox (badness 1062) in paragraph at lines 2550--2551
\TU/Georgia(0)/m/n/10.95 же быть, чтоб её с такими связями не приняли! И главное,
 []


Underfull \hbox (badness 1043) in paragraph at lines 2550--2551
\TU/Georgia(0)/m/n/10.95 идея-то была хорошая, но я ж потом на тех гастролях сама
 []


Underfull \hbox (badness 1881) in paragraph at lines 2554--2555
[]\TU/Georgia(0)/m/n/10.95 — Чего-о? — Трикси удивлённо вытаращилась на Эппл
 []

[125] [126]
Underfull \hbox (badness 3735) in paragraph at lines 2593--2594
\TU/Georgia(0)/m/n/10.95 комнату им для занятий выделила, посоветовала Старлайт
 []

[127]
Underfull \hbox (badness 1968) in paragraph at lines 2615--2616
\TU/Georgia(0)/m/n/10.95 поделилась. Вот, говорят, как раз пришли посоветоваться с
 []

[128]
Underfull \hbox (badness 4582) in paragraph at lines 2617--2618
[]\TU/Georgia(0)/m/n/10.95 — Из вежливости? — проницательно поинтересовалась
 []

[129]
Underfull \hbox (badness 5417) in paragraph at lines 2645--2646
[]\TU/Georgia(0)/m/n/10.95 Страница блокнота завершилась подчёркнутой фразой:
 []

[130]
Underfull \hbox (badness 1158) in paragraph at lines 2657--2658
[]\TU/Georgia(0)/m/n/10.95 — А написано, что приводится в авторской орфографии
 []

[131]
Underfull \hbox (badness 10000) in paragraph at lines 2684--2685
[]\TU/Georgia(0)/m/n/10.95 — Пффф! «Платье»! Быдланский балахон! Бездарная
 []


Underfull \hbox (badness 1077) in paragraph at lines 2684--2685
\TU/Georgia(0)/m/n/10.95 банальщина! Безвкусная… — модельерша помахала копытом
 []


Underfull \hbox (badness 2922) in paragraph at lines 2684--2685
\TU/Georgia(0)/m/n/10.95 подчёркивать уникальность и индивидуальность заказчицы!
 []


Underfull \hbox (badness 1635) in paragraph at lines 2684--2685
\TU/Georgia(0)/m/n/10.95 времён своей бабушки — думала, может хоть как-то сойдёт
 []


Underfull \hbox (badness 2875) in paragraph at lines 2684--2685
\TU/Georgia(0)/m/n/10.95 чего-нибудь натворит, я ей сразу кристалл подставила под
 []

[132] [133]
Underfull \hbox (badness 1077) in paragraph at lines 2716--2717
\TU/Georgia(0)/m/n/10.95 в курсе, что тётя Трикси и тётя Старлайт надеялись, что \TU/Georgia(0)/m/it/10.95 не
 []


Underfull \hbox (badness 3068) in paragraph at lines 2732--2733
[]\TU/Georgia(0)/m/n/10.95 — Офигеть, — заметила Скуталу, переведя дыхание. —
 []


Underfull \hbox (badness 2753) in paragraph at lines 2732--2733
\TU/Georgia(0)/m/n/10.95 интригу влезла, что до сих пор вопросы вылезают, другой
 []

[134] [135] [136] [137


] [138]
Underfull \hbox (badness 1221) in paragraph at lines 2811--2812
\TU/Georgia(0)/m/n/10.95 материалов совершенно невозможно понять, \TU/Georgia(0)/m/it/10.95 почему\TU/Georgia(0)/m/n/10.95 ! А ведь
 []

[139]
Underfull \hbox (badness 2564) in paragraph at lines 2851--2852
\TU/Georgia(0)/m/n/10.95 сложнее, тут нужно так сформулировать свои слова, чтобы
 []

[140] [141] [142]
Underfull \hbox (badness 1783) in paragraph at lines 2923--2924
\TU/Georgia(0)/m/n/10.95 монстр, они его жук-пуком называют и всё время зачем-то
 []

[143] [144]
Underfull \hbox (badness 1509) in paragraph at lines 2975--2976
[]\TU/Georgia(0)/m/n/10.95 Журналистка вздохнула и встала из-за стола. Прошлась
 []

[145]
Underfull \hbox (badness 6825) in paragraph at lines 2979--2980
[]\TU/Georgia(0)/m/n/10.95 Когда аура рассеялась, перед обалдевшей Эппл Блум,
 []


Underfull \hbox (badness 1383) in paragraph at lines 2979--2980
\TU/Georgia(0)/m/n/10.95 выпрямившись во весь свой немалый рост, стояла королева
 []

[146]
Underfull \hbox (badness 1502) in paragraph at lines 3009--3010
[]\TU/Georgia(0)/m/n/10.95 Третьей реакцией Эппл Блум было броситься в окно —
 []

[147


]
Underfull \hbox (badness 2134) in paragraph at lines 3017--3018
\TU/Georgia(0)/m/n/10.95 абсолютно ничто не угрожает. Равно как и твоим друзьям.
 []


Underfull \hbox (badness 4205) in paragraph at lines 3025--3026
[]\TU/Georgia(0)/m/n/10.95 Свиток представлял собой лист бумаги, который удер-
 []


Underfull \hbox (badness 1895) in paragraph at lines 3025--3026
\TU/Georgia(0)/m/n/10.95 живался в свёрнутом состоянии двумя печатями на торцах.
 []


Underfull \hbox (badness 2818) in paragraph at lines 3025--3026
\TU/Georgia(0)/m/n/10.95 школьным учебникам… собственно, кроме как на картинке
 []


Underfull \hbox (badness 1642) in paragraph at lines 3025--3026
\TU/Georgia(0)/m/n/10.95 же учебникам было прекрасно известно, что сломать такую
 []


Underfull \hbox (badness 1043) in paragraph at lines 3025--3026
\TU/Georgia(0)/m/n/10.95 попытка прочесть его в обход печатей приведёт к тому, что
 []

[148]
Underfull \hbox (badness 6125) in paragraph at lines 3033--3034
[]\TU/Georgia(0)/m/n/10.95 Последняя фраза, в которой имя называлось прямым
 []

[149] [150]
Underfull \hbox (badness 4316) in paragraph at lines 3079--3080
[]\TU/Georgia(0)/m/n/10.95 — От подружки. Как правильно выбивать собой окна,
 []

[151] [152]
Underfull \hbox (badness 2608) in paragraph at lines 3141--3142
[]\TU/Georgia(0)/m/n/10.95 — «Дружба между нашими народами началась гораздо
 []

[153] [154] [155]
Underfull \hbox (badness 2393) in paragraph at lines 3219--3220
[]\TU/Georgia(0)/m/n/10.95 — Дожили. Паладин Найтмэр Мун преподаёт в Школе
 []

[156]
Underfull \hbox (badness 1127) in paragraph at lines 3239--3240
[]\TU/Georgia(0)/m/n/10.95 — Когда-то принцесса Луна собрала круг из двенадцати
 []


Underfull \hbox (badness 2189) in paragraph at lines 3239--3240
\TU/Georgia(0)/m/n/10.95 Принцесса Селестия собрала Шестёрку Дружбы. Теперь вот
 []

[157]
Underfull \hbox (badness 1824) in paragraph at lines 3255--3256
\TU/Georgia(0)/m/n/10.95 манное… кое-кто обеспечил исполнителям правильные сны,
 []

[158]
Underfull \hbox (badness 3078) in paragraph at lines 3281--3282
[]\TU/Georgia(0)/m/n/10.95 — Агась… — рассеянно отозвалась Эппл Блум, скользя
 []


Underfull \hbox (badness 3068) in paragraph at lines 3281--3282
\TU/Georgia(0)/m/n/10.95 ощущения от чрезмерной задержки на нынешней стадии…
 []

[159] [160] [161] [162]
Underfull \vbox (badness 1509) has occurred while \output is active []

 [163] [164] [165] [166


] [167]
Underfull \hbox (badness 3590) in paragraph at lines 3458--3459
\TU/Georgia(0)/m/n/10.95 Скуталу мотнула головой в сторону пустого оконного про-
 []

[168]
Underfull \vbox (badness 1163) has occurred while \output is active []

 [169]
Underfull \hbox (badness 5563) in paragraph at lines 3520--3521
[]\TU/Georgia(0)/m/n/10.95 — И только попробуй сказать, — заорала Скуталу на
 []

[170] [171


]
Underfull \hbox (badness 2961) in paragraph at lines 3567--3568
\TU/Georgia(0)/m/n/10.95 после вчерашнего уже наверняка приняты дополнительные
 []

[172]
Underfull \hbox (badness 1527) in paragraph at lines 3583--3584
\TU/Georgia(0)/m/n/10.95 с ней возились не зря… я бы даже сказал, яростно искала.
 []

[173] [174]
Underfull \hbox (badness 2495) in paragraph at lines 3629--3630
\TU/Georgia(0)/m/n/10.95 Следует ли понимать, что ты в Игре на стороне грифонов
 []

[175]
Underfull \hbox (badness 3417) in paragraph at lines 3665--3666
[]\TU/Georgia(0)/m/n/10.95 — Да, — вздохнула Селестия. — Это была наша дого-
 []


Underfull \hbox (badness 10000) in paragraph at lines 3665--3666
\TU/Georgia(0)/m/n/10.95 ворённость: я обеспечила им возможность подпитываться
 []


Underfull \hbox (badness 1038) in paragraph at lines 3665--3666
\TU/Georgia(0)/m/n/10.95 прекрасно уживались, а потом я в одночасье всё разрушила
 []

[176] [177]
LaTeX Font Info:    Font shape `TU/Georgia(0)/m/it' will be
(Font)              scaled to size 7.87335pt on input line 3707.
 [178]
Underfull \hbox (badness 5862) in paragraph at lines 3717--3718
\TU/Georgia(0)/m/n/10.95 ко… Квик Чаптер — тебе виднее, но думаю, тоже. Твай-
 []


Underfull \hbox (badness 4981) in paragraph at lines 3717--3718
\TU/Georgia(0)/m/n/10.95 лайт в последнее время очень осторожна, особенно после
 []


Underfull \hbox (badness 3503) in paragraph at lines 3717--3718
\TU/Georgia(0)/m/n/10.95 того понивилльского эксперимента. А что касается троицы
 []

[179] [180


]
LaTeX Font Info:    Font shape `TU/Georgia(0)/m/n' will be
(Font)              scaled to size 22.27303pt on input line 3735.
 [181


] [182


]
\ado=\skip63
 [183] [184


] [185]
Underfull \hbox (badness 7116) in paragraph at lines 3797--3798
\TU/Georgia(0)/m/n/10.95 ствует поколение его основателей… весёлое начало новой
 []


Underfull \hbox (badness 1082) in paragraph at lines 3799--3800
\TU/Georgia(0)/m/n/10.95 из папки личного дела бумажку, — то в этой связи должен
 []


Underfull \hbox (badness 1097) in paragraph at lines 3799--3800
\TU/Georgia(0)/m/n/10.95 сказать, что означенная Спаркл пыталась через канцелярию
 []


Underfull \hbox (badness 5607) in paragraph at lines 3805--3806
[]\TU/Georgia(0)/m/n/10.95 — Но, ваше высочество, — осторожно заметил он, —
 []


Underfull \hbox (badness 2073) in paragraph at lines 3805--3806
\TU/Georgia(0)/m/n/10.95 там же нет никаких конкретных предложений. Это именно
 []

[186]
Package atveryend Info: Empty hook `BeforeClearDocument' on input line 3815.
 [187]
Package atveryend Info: Empty hook `AfterLastShipout' on input line 3815.
 (/Users/dahl/Documents/GitHub/Utro/.texpadtmp/Utro.aux)
Package atveryend Info: Empty hook `AtVeryEndDocument' on input line 3815.
Package atveryend Info: Empty hook `AtEndAfterFileList' on input line 3815.
 ) 
Here is how much of TeX's memory you used:
 20427 strings out of 494320
 390007 string characters out of 6164400
 575268 words of memory out of 5000000
 24135 multiletter control sequences out of 15000+600000
 8884 words of font info for 70 fonts, out of 8000000 for 9000
 503 hyphenation exceptions out of 8191
 50i,8n,118p,10400b,505s stack positions out of 5000i,500n,10000p,200000b,80000s

Output written on /Users/dahl/Documents/GitHub/Utro/.texpadtmp/Utro.pdf (191 pages).
